[19:13:36] [main/INFO] (FabricLoader/GameProvider) Loading Minecraft 1.21.8 with Fabric Loader 0.17.2
[19:13:36] [main/INFO] (FabricLoader) Loading 52 mods:
	- customportalapi 0.0.1-beta68-1.21.8
	- fabric-api 0.133.4+1.21.8
	- fabric-api-base 0.5.0+cd8c0daa2c
	- fabric-api-lookup-api-v1 1.6.101+946bf4c32c
	- fabric-biome-api-v1 16.0.11+946bf4c32c
	- fabric-block-api-v1 1.1.3+946bf4c32c
	- fabric-block-view-api-v2 1.0.31+946bf4c32c
	- fabric-client-gametest-api-v1 4.2.5+8a98c3fc2c
	- fabric-command-api-v2 2.3.1+52fff9ec2c
	- fabric-content-registries-v0 10.1.0+c75de69d2c
	- fabric-convention-tags-v1 2.1.41+7f945d5b2c
	- fabric-convention-tags-v2 2.15.6+eb5df52f2c
	- fabric-crash-report-info-v1 0.3.15+946bf4c32c
	- fabric-data-attachment-api-v1 1.8.13+38b5f74e2c
	- fabric-data-generation-api-v1 23.2.7+0b1ef9762c
	- fabric-dimensions-v1 4.0.20+948fc79a2c
	- fabric-entity-events-v1 2.1.2+c9e472732c
	- fabric-events-interaction-v0 4.0.25+946bf4c32c
	- fabric-game-rule-api-v1 1.0.73+c64c9c5b2c
	- fabric-gametest-api-v1 3.1.10+39ce47f52c
	- fabric-item-api-v1 11.5.0+02ce13f42c
	- fabric-item-group-api-v1 4.2.14+c5f9bbc12c
	- fabric-key-binding-api-v1 1.0.65+946bf4c32c
	- fabric-lifecycle-events-v1 2.6.4+db4dfd852c
	- fabric-loot-api-v2 3.0.56+3f89f5a52c
	- fabric-loot-api-v3 2.0.3+946bf4c32c
	- fabric-message-api-v1 6.1.2+946bf4c32c
	- fabric-model-loading-api-v1 5.2.7+946bf4c32c
	- fabric-networking-api-v1 5.0.3+4ddbf91b2c
	- fabric-object-builder-api-v1 21.1.9+946bf4c32c
	- fabric-particles-v1 4.1.9+946bf4c32c
	- fabric-recipe-api-v1 8.1.16+946bf4c32c
	- fabric-registry-sync-v0 6.1.29+946bf4c32c
	- fabric-renderer-api-v1 7.0.4+208eed172c
	- fabric-renderer-indigo 4.0.4+946bf4c32c
	- fabric-rendering-fluids-v1 3.1.31+fa6cb72b2c
	- fabric-rendering-v1 12.5.1+fbe231d52c
	- fabric-resource-conditions-api-v1 5.0.25+98e6d6db2c
	- fabric-resource-loader-v0 3.1.12+020423442c
	- fabric-screen-api-v1 2.1.1+277ecf7d2c
	- fabric-screen-handler-api-v1 1.3.138+946bf4c32c
	- fabric-serialization-api-v1 1.0.0+fc0e5aba2c
	- fabric-sound-api-v1 1.0.42+946bf4c32c
	- fabric-tag-api-v1 1.2.2+946bf4c32c
	- fabric-transfer-api-v1 6.0.6+946bf4c32c
	- fabric-transitive-access-wideners-v1 6.5.0+c847ce762c
	- fabricloader 0.17.2
	- java 21
	- minecraft 1.21.8
	- mixinextras 0.5.0
	- robotmod 1.0.0
	- smartbrainlib 1.16.10
[19:13:36] [main/INFO] (FabricLoader/Mixin) SpongePowered MIXIN Subsystem Version=0.8.7 Source=file:/home/illia/.gradle/caches/modules-2/files-2.1/net.fabricmc/sponge-mixin/0.16.3+mixin.0.8.7/3e535042688d1265447e52ad86950b7d9678a5fa/sponge-mixin-0.16.3+mixin.0.8.7.jar Service=Knot/Fabric Env=CLIENT
[19:13:36] [main/INFO] (FabricLoader/Mixin) Loaded Fabric development mappings for mixin remapper!
[19:13:36] [main/INFO] (FabricLoader/Mixin) Compatibility level set to JAVA_21
[19:13:37] [main/INFO] (FabricLoader/MixinExtras|Service) Initializing MixinExtras via com.llamalad7.mixinextras.service.MixinExtrasServiceImpl(version=0.5.0).
[19:13:37] [Datafixer Bootstrap/INFO] (Minecraft) 269 Datafixer optimizations took 213 milliseconds
[19:13:40] [Render thread/INFO] (Minecraft) Environment: Environment[sessionHost=https://sessionserver.mojang.com, servicesHost=https://api.minecraftservices.com, name=PROD]
[19:13:40] [Render thread/INFO] (Minecraft) Setting user: Player50
[19:13:40] [Render thread/INFO] (robotmod) initializing attachment types for robotmod
[19:13:40] [Render thread/INFO] (robotmod) Initializing screen handlers for robotmod
[19:13:40] [Render thread/INFO] (robotmod) Initializing items for robotmod
[19:13:40] [Render thread/INFO] (robotmod) Registering mod blocks for robotmod
[19:13:40] [Render thread/INFO] (robotmod) registering item groups for robotmod
[19:13:40] [Render thread/INFO] (robotmod) Initializing entities for robotmod
[19:13:41] [Render thread/INFO] (Indigo) [Indigo] Registering Indigo renderer!
[19:13:41] [Render thread/INFO] (FabricDataGenHelper) Running data generator for robotmod
[19:13:41] [Render thread/INFO] (Minecraft) Starting provider: robotmod/Language (en_us)
[19:13:41] [Worker-Main-1/INFO] (robotmod) registering dimensions for robotmod
[19:13:41] [Render thread/INFO] (Minecraft) robotmod/Language (en_us) finished after 203 ms
[19:13:41] [Render thread/INFO] (Minecraft) Starting provider: robotmod/Model Definitions
[19:13:41] [Render thread/ERROR] (FabricDataGenHelper) Failed to run data generation
java.lang.RuntimeException: Failed to run data generator from mod (robotmod)
	at knot/net.fabricmc.fabric.impl.datagen.FabricDataGenHelper.runInternal(FabricDataGenHelper.java:156) ~[fabric-data-generation-api-v1-a5b452c0-23.2.7+0b1ef9762c.jar:?]
	at knot/net.fabricmc.fabric.impl.datagen.FabricDataGenHelper.run(FabricDataGenHelper.java:95) [fabric-data-generation-api-v1-a5b452c0-23.2.7+0b1ef9762c.jar:?]
	at knot/net.minecraft.client.MinecraftClient.handler$zka000$fabric-data-generation-api-v1$main(MinecraftClient.java:5085) [minecraft-merged-70e38329a2-1.21.8-net.fabricmc.yarn.1_21_8.1.21.8+build.1-v2.jar:?]
	at knot/net.minecraft.client.MinecraftClient.<init>(MinecraftClient.java:494) [minecraft-merged-70e38329a2-1.21.8-net.fabricmc.yarn.1_21_8.1.21.8+build.1-v2.jar:?]
	at knot/net.minecraft.client.main.Main.main(Main.java:249) [minecraft-merged-70e38329a2-1.21.8-net.fabricmc.yarn.1_21_8.1.21.8+build.1-v2.jar:?]
	at net.fabricmc.loader.impl.game.minecraft.MinecraftGameProvider.launch(MinecraftGameProvider.java:506) [fabric-loader-0.17.2.jar:?]
	at net.fabricmc.loader.impl.launch.knot.Knot.launch(Knot.java:72) [fabric-loader-0.17.2.jar:?]
	at net.fabricmc.loader.impl.launch.knot.KnotClient.main(KnotClient.java:23) [fabric-loader-0.17.2.jar:?]
	at net.fabricmc.devlaunchinjector.Main.main(Main.java:86) [dev-launch-injector-0.2.1+build.8.jar:?]
Caused by: java.lang.IllegalStateException: Property BooleanProperty{name=active, clazz=class java.lang.Boolean, values=[true, false]} is not defined for block Block{robotmod:lunar_panel}
	at knot/net.minecraft.client.data.VariantsBlockModelDefinitionCreator.method_67854(VariantsBlockModelDefinitionCreator.java:34) ~[minecraft-merged-70e38329a2-1.21.8-net.fabricmc.yarn.1_21_8.1.21.8+build.1-v2.jar:?]
	at java.base/java.lang.Iterable.forEach(Iterable.java:75) ~[?:?]
	at knot/net.minecraft.client.data.VariantsBlockModelDefinitionCreator.validateAndAddProperties(VariantsBlockModelDefinitionCreator.java:32) ~[minecraft-merged-70e38329a2-1.21.8-net.fabricmc.yarn.1_21_8.1.21.8+build.1-v2.jar:?]
	at knot/net.minecraft.client.data.VariantsBlockModelDefinitionCreator$Empty.with(VariantsBlockModelDefinitionCreator.java:100) ~[minecraft-merged-70e38329a2-1.21.8-net.fabricmc.yarn.1_21_8.1.21.8+build.1-v2.jar:?]
	at knot/me.illia.robotmod.datagen.provider.ModModelProvider.generateBlockStateModels(ModModelProvider.java:54) ~[main/:?]
	at knot/net.minecraft.client.data.ModelProvider.wrapOperation$zkd000$fabric-data-generation-api-v1$registerBlockStateModels(ModelProvider.java:557) ~[minecraft-merged-70e38329a2-1.21.8-net.fabricmc.yarn.1_21_8.1.21.8+build.1-v2.jar:?]
	at knot/net.minecraft.client.data.ModelProvider.run(ModelProvider.java:163) ~[minecraft-merged-70e38329a2-1.21.8-net.fabricmc.yarn.1_21_8.1.21.8+build.1-v2.jar:?]
	at knot/net.minecraft.data.DataCache.run(DataCache.java:192) ~[minecraft-merged-70e38329a2-1.21.8-net.fabricmc.yarn.1_21_8.1.21.8+build.1-v2.jar:?]
	at knot/net.minecraft.data.DataGenerator.method_46563(DataGenerator.java:52) ~[minecraft-merged-70e38329a2-1.21.8-net.fabricmc.yarn.1_21_8.1.21.8+build.1-v2.jar:?]
	at java.base/java.util.LinkedHashMap.forEach(LinkedHashMap.java:986) ~[?:?]
	at knot/net.minecraft.data.DataGenerator.run(DataGenerator.java:45) ~[minecraft-merged-70e38329a2-1.21.8-net.fabricmc.yarn.1_21_8.1.21.8+build.1-v2.jar:?]
	at knot/net.fabricmc.fabric.impl.datagen.FabricDataGenHelper.runInternal(FabricDataGenHelper.java:151) ~[fabric-data-generation-api-v1-a5b452c0-23.2.7+0b1ef9762c.jar:?]
	... 8 more
